2024-06-02 08:31:27 Loading main app package /usr/lib/obsidian/obsidian.asar
2024-06-02 08:31:27 Checking for update using Github
2024-06-02 08:31:27 Success.
2024-06-02 08:31:27 Latest version is 1.5.12
2024-06-02 08:31:27 App is up to date.
2024-06-02 08:32:55 Loading main app package /usr/lib/obsidian/obsidian.asar
2024-06-02 08:32:55 Checking for update using Github
2024-06-02 08:32:55 Success.
2024-06-02 08:32:55 Latest version is 1.5.12
2024-06-02 08:32:55 App is up to date.
2024-06-02 08:34:15 Loading main app package /usr/lib/obsidian/obsidian.asar
2024-06-02 08:34:15 Checking for update using Github
2024-06-02 08:34:15 Success.
2024-06-02 08:34:15 Latest version is 1.5.12
2024-06-02 08:34:15 App is up to date.
2024-06-03 21:50:43 Loading main app package /usr/lib/obsidian/obsidian.asar
2024-06-03 21:50:45 Checking for update using Github
2024-06-03 21:50:45 Success.
2024-06-03 21:50:45 Latest version is 1.5.12
2024-06-03 21:50:45 App is up to date.
